INFO 2021-12-19 02:47:01 BaseModelLoader.py: 34] Successfully parsed the model configuration file meta.json!
INFO 2021-12-19 02:47:01 FaceAlignModelLoader.py: 29] Successfully loaded the face landmark model!
INFO 2021-12-19 02:50:27 FaceDetModelLoader.py: 16] Start to analyze the face detection model, model path: models, model category: face_detection，model name: face_detection_1.0
INFO 2021-12-19 02:50:27 BaseModelLoader.py: 34] Successfully parsed the model configuration file meta.json!
INFO 2021-12-19 02:50:27 FaceAlignModelLoader.py: 16] Start to analyze the face landmark model, model path: models, model category: face_detection，model name: face_detection_1.0
INFO 2021-12-19 02:50:27 BaseModelLoader.py: 34] Successfully parsed the model configuration file meta.json!
INFO 2021-12-19 02:50:27 FaceDetModelLoader.py: 34] Successfully loaded the face detection model!
INFO 2021-12-19 02:50:27 FaceAlignModelLoader.py: 29] Successfully loaded the face landmark model!
INFO 2021-12-19 02:52:03 FaceDetModelLoader.py: 16] Start to analyze the face detection model, model path: models, model category: face_detection，model name: face_detection_1.0
INFO 2021-12-19 02:52:03 BaseModelLoader.py: 34] Successfully parsed the model configuration file meta.json!
INFO 2021-12-19 02:52:03 FaceAlignModelLoader.py: 16] Start to analyze the face landmark model, model path: models, model category: face_alignment，model name: face_alignment_1.0
INFO 2021-12-19 02:52:03 BaseModelLoader.py: 34] Successfully parsed the model configuration file meta.json!
INFO 2021-12-19 02:52:03 FaceDetModelLoader.py: 34] Successfully loaded the face detection model!
INFO 2021-12-19 02:52:04 FaceAlignModelLoader.py: 29] Successfully loaded the face landmark model!
INFO 2021-12-19 02:53:34 FaceDetModelLoader.py: 16] Start to analyze the face detection model, model path: models, model category: face_detection，model name: face_detection_1.0
INFO 2021-12-19 02:53:34 BaseModelLoader.py: 34] Successfully parsed the model configuration file meta.json!
INFO 2021-12-19 02:53:34 FaceAlignModelLoader.py: 16] Start to analyze the face landmark model, model path: models, model category: face_alignment，model name: face_alignment_1.0
INFO 2021-12-19 02:53:34 BaseModelLoader.py: 34] Successfully parsed the model configuration file meta.json!
INFO 2021-12-19 02:53:35 FaceDetModelLoader.py: 34] Successfully loaded the face detection model!
INFO 2021-12-19 02:53:35 FaceAlignModelLoader.py: 29] Successfully loaded the face landmark model!
